<?xml version="1.0" encoding="UTF-8"?>
<!-- Generated by org.testng.reporters.JUnitReportReporter -->
<testsuite hostname="Pari" failures="0" tests="1" name="orangehrmproject.NewTest" time="0.020" errors="0" timestamp="2023-01-20T12:44:21 CST" skipped="0">
  <testcase classname="orangehrmproject.NewTest" name="f" time="0.020"/>
  <system-out/>
</testsuite> <!-- orangehrmproject.NewTest -->
